<?xml version="1.0" encoding="UTF-8"?>
<testng-results skipped="0" failed="0" total="1" passed="1">
  <reporter-output>
  </reporter-output>
  <suite name="Suite" duration-ms="11772" started-at="2020-08-09T13:24:48Z" finished-at="2020-08-09T13:24:59Z">
    <groups>
      <group name="cucumber">
        <method signature="AbstractTestNGCucumberTests.runScenario(io.cucumber.testng.PickleWrapper, io.cucumber.testng.FeatureWrapper)[pri:0, instance:runner.runnerFiles$runner@6df97b55]" name="runScenario" class="io.cucumber.testng.AbstractTestNGCucumberTests"/>
      </group> <!-- cucumber -->
    </groups>
    <test name="Test" duration-ms="11772" started-at="2020-08-09T13:24:48Z" finished-at="2020-08-09T13:24:59Z">
      <class name="runner.runnerFiles$runner">
        <test-method status="PASS" signature="setUpClass()[pri:0, instance:runner.runnerFiles$runner@6df97b55]" name="setUpClass" is-config="true" duration-ms="559" started-at="2020-08-09T18:54:48Z" finished-at="2020-08-09T18:54:48Z">
          <reporter-output>
          </reporter-output>
        </test-method> <!-- setUpClass -->
        <test-method status="PASS" signature="runScenario(io.cucumber.testng.PickleWrapper, io.cucumber.testng.FeatureWrapper)[pri:0, instance:runner.runnerFiles$runner@6df97b55]" name="runScenario" duration-ms="11184" started-at="2020-08-09T18:54:48Z" description="Runs Cucumber Scenarios" data-provider="scenarios" finished-at="2020-08-09T18:54:59Z">
          <params>
            <param index="0">
              <value>
                <![CDATA["Search"]]>
              </value>
            </param>
            <param index="1">
              <value>
                <![CDATA["Home Page"]]>
              </value>
            </param>
          </params>
          <reporter-output>
          </reporter-output>
        </test-method> <!-- runScenario -->
        <test-method status="PASS" signature="tearDownClass()[pri:0, instance:runner.runnerFiles$runner@6df97b55]" name="tearDownClass" is-config="true" duration-ms="3" started-at="2020-08-09T18:54:59Z" finished-at="2020-08-09T18:54:59Z">
          <reporter-output>
          </reporter-output>
        </test-method> <!-- tearDownClass -->
      </class> <!-- runner.runnerFiles$runner -->
    </test> <!-- Test -->
  </suite> <!-- Suite -->
</testng-results>
